0 info it worked if it ends with ok
1 verbose cli [ '/home/amiraj/Softwares/nodejs/bin/node',
1 verbose cli   '/home/amiraj/Softwares/nodejs/bin/npm',
1 verbose cli   'start' ]
2 info using npm@3.8.3
3 info using node@v5.10.1
4 verbose config Skipping project config: /home/amiraj/.npmrc. (matches userconfig)
5 verbose stack Error: ENOENT: no such file or directory, open '/home/amiraj/package.json'
5 verbose stack     at Error (native)
6 verbose cwd /home/amiraj/Dropbox/Courses/MEng Project/openwoz
7 error Linux 3.19.0-58-generic
8 error argv "/home/amiraj/Softwares/nodejs/bin/node" "/home/amiraj/Softwares/nodejs/bin/npm" "start"
9 error node v5.10.1
10 error npm  v3.8.3
11 error path /home/amiraj/package.json
12 error code ENOENT
13 error errno -2
14 error syscall open
15 error enoent ENOENT: no such file or directory, open '/home/amiraj/package.json'
16 error enoent ENOENT: no such file or directory, open '/home/amiraj/package.json'
16 error enoent This is most likely not a problem with npm itself
16 error enoent and is related to npm not being able to find a file.
17 verbose exit [ -2, true ]
