0 info it worked if it ends with ok
1 verbose cli [ '/home/amiraj/Softwares/nodejs/bin/node',
1 verbose cli   '/home/amiraj/Softwares/nodejs/bin/npm',
1 verbose cli   'start' ]
2 info using npm@3.8.3
3 info using node@v5.10.1
4 verbose run-script [ 'prestart', 'start', 'poststart' ]
5 info lifecycle openwoz@0.0.1~prestart: openwoz@0.0.1
6 silly lifecycle openwoz@0.0.1~prestart: no script for prestart, continuing
7 info lifecycle openwoz@0.0.1~start: openwoz@0.0.1
8 verbose lifecycle openwoz@0.0.1~start: unsafe-perm in lifecycle true
9 verbose lifecycle openwoz@0.0.1~start: PATH: /home/amiraj/Softwares/nodejs/lib/node_modules/npm/bin/node-gyp-bin:/home/amiraj/Dropbox/Courses/MEng Project/openwoz/server/node_modules/.bin:/home/amiraj/Softwares/nodejs/bin:/opt/ros/jade/bin:/usr/local/cuda-7.5/bin:/home/amiraj/anaconda/bin:/home/amiraj/bin:/usr/local/sbin:/usr/local/bin:/usr/sbin:/usr/bin:/sbin:/bin:/usr/games:/usr/local/games:~/bin:~/Softwares/nodejs/bin/:/usr/lib/nvidia-352
10 verbose lifecycle openwoz@0.0.1~start: CWD: /home/amiraj/Dropbox/Courses/MEng Project/openwoz/server
11 silly lifecycle openwoz@0.0.1~start: Args: [ '-c', 'node server.js' ]
12 silly lifecycle openwoz@0.0.1~start: Returned: code: 1  signal: null
13 info lifecycle openwoz@0.0.1~start: Failed to exec start script
14 verbose stack Error: openwoz@0.0.1 start: `node server.js`
14 verbose stack Exit status 1
14 verbose stack     at EventEmitter.<anonymous> (/home/amiraj/Softwares/nodejs/lib/node_modules/npm/lib/utils/lifecycle.js:239:16)
14 verbose stack     at emitTwo (events.js:100:13)
14 verbose stack     at EventEmitter.emit (events.js:185:7)
14 verbose stack     at ChildProcess.<anonymous> (/home/amiraj/Softwares/nodejs/lib/node_modules/npm/lib/utils/spawn.js:24:14)
14 verbose stack     at emitTwo (events.js:100:13)
14 verbose stack     at ChildProcess.emit (events.js:185:7)
14 verbose stack     at maybeClose (internal/child_process.js:850:16)
14 verbose stack     at Process.ChildProcess._handle.onexit (internal/child_process.js:215:5)
15 verbose pkgid openwoz@0.0.1
16 verbose cwd /home/amiraj/Dropbox/Courses/MEng Project/openwoz/server
17 error Linux 3.19.0-58-generic
18 error argv "/home/amiraj/Softwares/nodejs/bin/node" "/home/amiraj/Softwares/nodejs/bin/npm" "start"
19 error node v5.10.1
20 error npm  v3.8.3
21 error code ELIFECYCLE
22 error openwoz@0.0.1 start: `node server.js`
22 error Exit status 1
23 error Failed at the openwoz@0.0.1 start script 'node server.js'.
23 error Make sure you have the latest version of node.js and npm installed.
23 error If you do, this is most likely a problem with the openwoz package,
23 error not with npm itself.
23 error Tell the author that this fails on your system:
23 error     node server.js
23 error You can get information on how to open an issue for this project with:
23 error     npm bugs openwoz
23 error Or if that isn't available, you can get their info via:
23 error     npm owner ls openwoz
23 error There is likely additional logging output above.
24 verbose exit [ 1, true ]
